<?xml version="1.0" encoding="UTF-8"?>
<testsuite xmlns:xsi="http://www.w3.org/2001/XMLSchema-instance" xsi:noNamespaceSchemaLocation="https://maven.apache.org/surefire/maven-surefire-plugin/xsd/surefire-test-report-3.0.xsd" version="3.0" name="uk.gov.dwp.uc.pairtest.TicketServiceImplTest" time="0.943" tests="4" errors="0" skipped="0" failures="0">
  <properties>
[...]
</properties>
  <testcase name="testPurchaseTickets_NoAdultTicket" classname="uk.gov.dwp.uc.pairtest.TicketServiceImplTest" time="0.852"/>
  <testcase name="testPurchaseTickets_ExceedMaxTickets" classname="uk.gov.dwp.uc.pairtest.TicketServiceImplTest" time="0.002"/>
  <testcase name="testPurchaseTickets_InvalidAccountId" classname="uk.gov.dwp.uc.pairtest.TicketServiceImplTest" time="0.003"/>
  <testcase name="testPurchaseTickets_ValidRequest" classname="uk.gov.dwp.uc.pairtest.TicketServiceImplTest" time="0.021"/>
</testsuite>